CRITICAL - 2024-02-26 12:24:55 --> Undefined variable $currentPage
#0 C:\xampp\htdocs\phpTools\fileman\app\Views\template\web-front.php(77): CodeIgniter\Debug\Exceptions->errorHandler(2, 'Undefined varia...', 'C:\\xampp\\htdocs...', 77)
#1 C:\xampp\htdocs\phpTools\fileman\system\View\View.php(210): include('C:\\xampp\\htdocs...')
#2 C:\xampp\htdocs\phpTools\fileman\system\View\View.php(213): CodeIgniter\View\View->CodeIgniter\View\{closure}()
#3 C:\xampp\htdocs\phpTools\fileman\system\View\View.php(226): CodeIgniter\View\View->render('template/web-fr...', Array, true)
#4 C:\xampp\htdocs\phpTools\fileman\system\Common.php(1089): CodeIgniter\View\View->render('website/front', Array, true)
#5 C:\xampp\htdocs\phpTools\fileman\app\Controllers\Views.php(37): view('website/front', Array)
#6 C:\xampp\htdocs\phpTools\fileman\system\CodeIgniter.php(832): App\Controllers\Views->index()
#7 C:\xampp\htdocs\phpTools\fileman\system\CodeIgniter.php(419): CodeIgniter\CodeIgniter->runController(Object(App\Controllers\Views))
#8 C:\xampp\htdocs\phpTools\fileman\system\CodeIgniter.php(326): CodeIgniter\CodeIgniter->handleRequest(NULL, Object(Config\Cache), false)
#9 C:\xampp\htdocs\phpTools\fileman\public\index.php(37): CodeIgniter\CodeIgniter->run()
#10 C:\xampp\htdocs\phpTools\fileman\system\Commands\Server\rewrite.php(43): require_once('C:\\xampp\\htdocs...')
#11 {main}
CRITICAL - 2024-02-26 12:25:45 --> Undefined variable $currentPage
#0 C:\xampp\htdocs\phpTools\fileman\app\Views\template\web-front.php(77): CodeIgniter\Debug\Exceptions->errorHandler(2, 'Undefined varia...', 'C:\\xampp\\htdocs...', 77)
#1 C:\xampp\htdocs\phpTools\fileman\system\View\View.php(210): include('C:\\xampp\\htdocs...')
#2 C:\xampp\htdocs\phpTools\fileman\system\View\View.php(213): CodeIgniter\View\View->CodeIgniter\View\{closure}()
#3 C:\xampp\htdocs\phpTools\fileman\system\View\View.php(226): CodeIgniter\View\View->render('template/web-fr...', Array, true)
#4 C:\xampp\htdocs\phpTools\fileman\system\Common.php(1089): CodeIgniter\View\View->render('website/front', Array, true)
#5 C:\xampp\htdocs\phpTools\fileman\app\Controllers\Views.php(37): view('website/front', Array)
#6 C:\xampp\htdocs\phpTools\fileman\system\CodeIgniter.php(832): App\Controllers\Views->index()
#7 C:\xampp\htdocs\phpTools\fileman\system\CodeIgniter.php(419): CodeIgniter\CodeIgniter->runController(Object(App\Controllers\Views))
#8 C:\xampp\htdocs\phpTools\fileman\system\CodeIgniter.php(326): CodeIgniter\CodeIgniter->handleRequest(NULL, Object(Config\Cache), false)
#9 C:\xampp\htdocs\phpTools\fileman\public\index.php(37): CodeIgniter\CodeIgniter->run()
#10 C:\xampp\htdocs\phpTools\fileman\system\Commands\Server\rewrite.php(43): require_once('C:\\xampp\\htdocs...')
#11 {main}
CRITICAL - 2024-02-26 12:25:54 --> Undefined variable $currentPage
#0 C:\xampp\htdocs\phpTools\fileman\app\Views\template\web-front.php(77): CodeIgniter\Debug\Exceptions->errorHandler(2, 'Undefined varia...', 'C:\\xampp\\htdocs...', 77)
#1 C:\xampp\htdocs\phpTools\fileman\system\View\View.php(210): include('C:\\xampp\\htdocs...')
#2 C:\xampp\htdocs\phpTools\fileman\system\View\View.php(213): CodeIgniter\View\View->CodeIgniter\View\{closure}()
#3 C:\xampp\htdocs\phpTools\fileman\system\View\View.php(226): CodeIgniter\View\View->render('template/web-fr...', Array, true)
#4 C:\xampp\htdocs\phpTools\fileman\system\Common.php(1089): CodeIgniter\View\View->render('website/front', Array, true)
#5 C:\xampp\htdocs\phpTools\fileman\app\Controllers\Views.php(37): view('website/front', Array)
#6 C:\xampp\htdocs\phpTools\fileman\system\CodeIgniter.php(832): App\Controllers\Views->index()
#7 C:\xampp\htdocs\phpTools\fileman\system\CodeIgniter.php(419): CodeIgniter\CodeIgniter->runController(Object(App\Controllers\Views))
#8 C:\xampp\htdocs\phpTools\fileman\system\CodeIgniter.php(326): CodeIgniter\CodeIgniter->handleRequest(NULL, Object(Config\Cache), false)
#9 C:\xampp\htdocs\phpTools\fileman\public\index.php(37): CodeIgniter\CodeIgniter->run()
#10 C:\xampp\htdocs\phpTools\fileman\system\Commands\Server\rewrite.php(43): require_once('C:\\xampp\\htdocs...')
#11 {main}
CRITICAL - 2024-02-26 12:26:33 --> Undefined variable $currentPage
#0 C:\xampp\htdocs\phpTools\fileman\app\Views\template\web-front.php(77): CodeIgniter\Debug\Exceptions->errorHandler(2, 'Undefined varia...', 'C:\\xampp\\htdocs...', 77)
#1 C:\xampp\htdocs\phpTools\fileman\system\View\View.php(210): include('C:\\xampp\\htdocs...')
#2 C:\xampp\htdocs\phpTools\fileman\system\View\View.php(213): CodeIgniter\View\View->CodeIgniter\View\{closure}()
#3 C:\xampp\htdocs\phpTools\fileman\system\View\View.php(226): CodeIgniter\View\View->render('template/web-fr...', Array, true)
#4 C:\xampp\htdocs\phpTools\fileman\system\Common.php(1089): CodeIgniter\View\View->render('website/front', Array, true)
#5 C:\xampp\htdocs\phpTools\fileman\app\Controllers\Views.php(37): view('website/front', Array)
#6 C:\xampp\htdocs\phpTools\fileman\system\CodeIgniter.php(832): App\Controllers\Views->index()
#7 C:\xampp\htdocs\phpTools\fileman\system\CodeIgniter.php(419): CodeIgniter\CodeIgniter->runController(Object(App\Controllers\Views))
#8 C:\xampp\htdocs\phpTools\fileman\system\CodeIgniter.php(326): CodeIgniter\CodeIgniter->handleRequest(NULL, Object(Config\Cache), false)
#9 C:\xampp\htdocs\phpTools\fileman\public\index.php(37): CodeIgniter\CodeIgniter->run()
#10 C:\xampp\htdocs\phpTools\fileman\system\Commands\Server\rewrite.php(43): require_once('C:\\xampp\\htdocs...')
#11 {main}
CRITICAL - 2024-02-26 12:26:37 --> Undefined variable $currentPage
#0 C:\xampp\htdocs\phpTools\fileman\app\Views\template\web-front.php(77): CodeIgniter\Debug\Exceptions->errorHandler(2, 'Undefined varia...', 'C:\\xampp\\htdocs...', 77)
#1 C:\xampp\htdocs\phpTools\fileman\system\View\View.php(210): include('C:\\xampp\\htdocs...')
#2 C:\xampp\htdocs\phpTools\fileman\system\View\View.php(213): CodeIgniter\View\View->CodeIgniter\View\{closure}()
#3 C:\xampp\htdocs\phpTools\fileman\system\View\View.php(226): CodeIgniter\View\View->render('template/web-fr...', Array, true)
#4 C:\xampp\htdocs\phpTools\fileman\system\Common.php(1089): CodeIgniter\View\View->render('website/front', Array, true)
#5 C:\xampp\htdocs\phpTools\fileman\app\Controllers\Views.php(37): view('website/front', Array)
#6 C:\xampp\htdocs\phpTools\fileman\system\CodeIgniter.php(832): App\Controllers\Views->index()
#7 C:\xampp\htdocs\phpTools\fileman\system\CodeIgniter.php(419): CodeIgniter\CodeIgniter->runController(Object(App\Controllers\Views))
#8 C:\xampp\htdocs\phpTools\fileman\system\CodeIgniter.php(326): CodeIgniter\CodeIgniter->handleRequest(NULL, Object(Config\Cache), false)
#9 C:\xampp\htdocs\phpTools\fileman\public\index.php(37): CodeIgniter\CodeIgniter->run()
#10 C:\xampp\htdocs\phpTools\fileman\system\Commands\Server\rewrite.php(43): require_once('C:\\xampp\\htdocs...')
#11 {main}
